<?xml version="1.0" encoding="UTF-8"?>
<testng-results skipped="0" failed="0" total="1" passed="1">
  <reporter-output>
  </reporter-output>
  <suite name="Default suite" duration-ms="26388" started-at="2016-07-07T17:51:37Z" finished-at="2016-07-07T17:52:03Z">
    <groups>
    </groups>
    <test name="Default test" duration-ms="26388" started-at="2016-07-07T17:51:37Z" finished-at="2016-07-07T17:52:03Z">
      <class name="com.tests.testCase">
        <test-method status="PASS" signature="setUp()[pri:0, instance:com.tests.testCase@f7fe8e]" name="setUp" is-config="true" duration-ms="13644" started-at="2016-07-07T23:21:37Z" finished-at="2016-07-07T23:21:50Z">
          <reporter-output>
          </reporter-output>
        </test-method> <!-- setUp -->
        <test-method status="PASS" signature="windowsTest()[pri:0, instance:com.tests.testCase@f7fe8e]" name="windowsTest" duration-ms="3262" started-at="2016-07-07T23:21:50Z" finished-at="2016-07-07T23:21:54Z">
          <reporter-output>
          </reporter-output>
        </test-method> <!-- windowsTest -->
        <test-method status="PASS" signature="tearDown()[pri:0, instance:com.tests.testCase@f7fe8e]" name="tearDown" is-config="true" duration-ms="9463" started-at="2016-07-07T23:21:54Z" finished-at="2016-07-07T23:22:03Z">
          <reporter-output>
          </reporter-output>
        </test-method> <!-- tearDown -->
      </class> <!-- com.tests.testCase -->
    </test> <!-- Default test -->
  </suite> <!-- Default suite -->
</testng-results>
